# JRE version: Java(TM) SE Runtime Environment (8.0_40-b25) (build 1.8.0_40-b25)
# Java VM: Java HotSpot(TM) 64-Bit Server VM (25.40-b25 mixed mode bsd-amd64 compressed oops)
Heap:
 PSYoungGen      total 38400K, used 21454K [0x00000007aab00000, 0x00000007ad600000, 0x00000007c0000000)
  eden space 32768K, 65% used [0x00000007aab00000,0x00000007abff3858,0x00000007acb00000)
  from space 5632K, 0% used [0x00000007ad080000,0x00000007ad080000,0x00000007ad600000)
  to   space 5632K, 0% used [0x00000007acb00000,0x00000007acb00000,0x00000007ad080000)
 ParOldGen       total 55808K, used 27767K [0x0000000780000000, 0x0000000783680000, 0x00000007aab00000)
  object space 55808K, 49% used [0x0000000780000000,0x0000000781b1df60,0x0000000783680000)
 Metaspace       used 24721K, capacity 25017K, committed 25472K, reserved 1071104K
  class space    used 3000K, capacity 3088K, committed 3200K, reserved 1048576K
GC Heap History (10 events):
Event: 3.533 GC heap before
{Heap before GC invocations=3 (full 0):
 PSYoungGen      total 18944K, used 18930K [0x00000007aab00000, 0x00000007ac000000, 0x00000007c0000000)
  eden space 16384K, 100% used [0x00000007aab00000,0x00000007abb00000,0x00000007abb00000)
  from space 2560K, 99% used [0x00000007abd80000,0x00000007abffcb50,0x00000007ac000000)
  to   space 2560K, 0% used [0x00000007abb00000,0x00000007abb00000,0x00000007abd80000)
 ParOldGen       total 44032K, used 229K [0x0000000780000000, 0x0000000782b00000, 0x00000007aab00000)
  object space 44032K, 0% used [0x0000000780000000,0x0000000780039748,0x0000000782b00000)
 Metaspace       used 10236K, capacity 10372K, committed 10624K, reserved 1058816K
  class space    used 1249K, capacity 1302K, committed 1408K, reserved 1048576K
Event: 3.541 GC heap after
Heap after GC invocations=3 (full 0):
 PSYoungGen      total 18944K, used 2544K [0x00000007aab00000, 0x00000007ac000000, 0x00000007c0000000)
  eden space 16384K, 0% used [0x00000007aab00000,0x00000007aab00000,0x00000007abb00000)
  from space 2560K, 99% used [0x00000007abb00000,0x00000007abd7c010,0x00000007abd80000)
  to   space 2560K, 0% used [0x00000007abd80000,0x00000007abd80000,0x00000007ac000000)
 ParOldGen       total 44032K, used 1142K [0x0000000780000000, 0x0000000782b00000, 0x00000007aab00000)
  object space 44032K, 2% used [0x0000000780000000,0x000000078011db60,0x0000000782b00000)
 Metaspace       used 10236K, capacity 10372K, committed 10624K, reserved 1058816K
  class space    used 1249K, capacity 1302K, committed 1408K, reserved 1048576K
}
Event: 7.376 GC heap before
{Heap before GC invocations=4 (full 0):
 PSYoungGen      total 18944K, used 18928K [0x00000007aab00000, 0x00000007ac000000, 0x00000007c0000000)
  eden space 16384K, 100% used [0x00000007aab00000,0x00000007abb00000,0x00000007abb00000)
  from space 2560K, 99% used [0x00000007abb00000,0x00000007abd7c010,0x00000007abd80000)
  to   space 2560K, 0% used [0x00000007abd80000,0x00000007abd80000,0x00000007ac000000)
 ParOldGen       total 44032K, used 21109K [0x0000000780000000, 0x0000000782b00000, 0x00000007aab00000)
  object space 44032K, 47% used [0x0000000780000000,0x000000078149d570,0x0000000782b00000)
 Metaspace       used 17212K, capacity 17448K, committed 17664K, reserved 1064960K
  class space    used 2154K, capacity 2229K, committed 2304K, reserved 1048576K
Event: 7.394 GC heap after
Heap after GC invocations=4 (full 0):
 PSYoungGen      total 18944K, used 2544K [0x00000007aab00000, 0x00000007ac000000, 0x00000007c0000000)
  eden space 16384K, 0% used [0x00000007aab00000,0x00000007aab00000,0x00000007abb00000)
  from space 2560K, 99% used [0x00000007abd80000,0x00000007abffc010,0x00000007ac000000)
  to   space 2560K, 0% used [0x00000007abb00000,0x00000007abb00000,0x00000007abd80000)
 ParOldGen       total 44032K, used 24510K [0x0000000780000000, 0x0000000782b00000, 0x00000007aab00000)
  object space 44032K, 55% used [0x0000000780000000,0x00000007817ef860,0x0000000782b00000)
 Metaspace       used 17212K, capacity 17448K, committed 17664K, reserved 1064960K
  class space    used 2154K, capacity 2229K, committed 2304K, reserved 1048576K
}
Event: 7.990 GC heap before
{Heap before GC invocations=5 (full 0):
 PSYoungGen      total 18944K, used 18928K [0x00000007aab00000, 0x00000007ac000000, 0x00000007c0000000)
  eden space 16384K, 100% used [0x00000007aab00000,0x00000007abb00000,0x00000007abb00000)
  from space 2560K, 99% used [0x00000007abd80000,0x00000007abffc010,0x00000007ac000000)
  to   space 2560K, 0% used [0x00000007abb00000,0x00000007abb00000,0x00000007abd80000)
 ParOldGen       total 44032K, used 24510K [0x0000000780000000, 0x0000000782b00000, 0x00000007aab00000)
  object space 44032K, 55% used [0x0000000780000000,0x00000007817ef860,0x0000000782b00000)
 Metaspace       used 18695K, capacity 18986K, committed 19456K, reserved 1067008K
  class space    used 2381K, capacity 2462K, committed 2560K, reserved 1048576K
Event: 8.013 GC heap after
Heap after GC invocations=5 (full 0):
 PSYoungGen      total 18944K, used 2558K [0x00000007aab00000, 0x00000007ad600000, 0x00000007c0000000)
  eden space 16384K, 0% used [0x00000007aab00000,0x00000007aab00000,0x00000007abb00000)
  from space 2560K, 99% used [0x00000007abb00000,0x00000007abd7f830,0x00000007abd80000)
  to   space 5632K, 0% used [0x00000007ad080000,0x00000007ad080000,0x00000007ad600000)
 ParOldGen       total 44032K, used 25323K [0x0000000780000000, 0x0000000782b00000, 0x00000007aab00000)
  object space 44032K, 57% used [0x0000000780000000,0x00000007818bae08,0x0000000782b00000)
 Metaspace       used 18695K, capacity 18986K, committed 19456K, reserved 1067008K
  class space    used 2381K, capacity 2462K, committed 2560K, reserved 1048576K
}
Event: 14.785 GC heap before
{Heap before GC invocations=6 (full 0):
 PSYoungGen      total 18944K, used 12394K [0x00000007aab00000, 0x00000007ad600000, 0x00000007c0000000)
  eden space 16384K, 60% used [0x00000007aab00000,0x00000007ab49b328,0x00000007abb00000)
  from space 2560K, 99% used [0x00000007abb00000,0x00000007abd7f830,0x00000007abd80000)
  to   space 5632K, 0% used [0x00000007ad080000,0x00000007ad080000,0x00000007ad600000)
 ParOldGen       total 44032K, used 25323K [0x0000000780000000, 0x0000000782b00000, 0x00000007aab00000)
  object space 44032K, 57% used [0x0000000780000000,0x00000007818bae08,0x0000000782b00000)
 Metaspace       used 20709K, capacity 20930K, committed 21248K, reserved 1067008K
  class space    used 2658K, capacity 2722K, committed 2816K, reserved 1048576K
Event: 14.810 GC heap after
Heap after GC invocations=6 (full 0):
 PSYoungGen      total 38400K, used 3895K [0x00000007aab00000, 0x00000007ad600000, 0x00000007c0000000)
  eden space 32768K, 0% used [0x00000007aab00000,0x00000007aab00000,0x00000007acb00000)
  from space 5632K, 69% used [0x00000007ad080000,0x00000007ad44de80,0x00000007ad600000)
  to   space 5632K, 0% used [0x00000007acb00000,0x00000007acb00000,0x00000007ad080000)
 ParOldGen       total 44032K, used 25331K [0x0000000780000000, 0x0000000782b00000, 0x00000007aab00000)
  object space 44032K, 57% used [0x0000000780000000,0x00000007818bce08,0x0000000782b00000)
 Metaspace       used 20709K, capacity 20930K, committed 21248K, reserved 1067008K
  class space    used 2658K, capacity 2722K, committed 2816K, reserved 1048576K
}
Event: 14.810 GC heap before
{Heap before GC invocations=7 (full 1):
 PSYoungGen      total 38400K, used 3895K [0x00000007aab00000, 0x00000007ad600000, 0x00000007c0000000)
  eden space 32768K, 0% used [0x00000007aab00000,0x00000007aab00000,0x00000007acb00000)
  from space 5632K, 69% used [0x00000007ad080000,0x00000007ad44de80,0x00000007ad600000)
  to   space 5632K, 0% used [0x00000007acb00000,0x00000007acb00000,0x00000007ad080000)
 ParOldGen       total 44032K, used 25331K [0x0000000780000000, 0x0000000782b00000, 0x00000007aab00000)
  object space 44032K, 57% used [0x0000000780000000,0x00000007818bce08,0x0000000782b00000)
 Metaspace       used 20709K, capacity 20930K, committed 21248K, reserved 1067008K
  class space    used 2658K, capacity 2722K, committed 2816K, reserved 1048576K
Event: 14.902 GC heap after
Heap after GC invocations=7 (full 1):
 PSYoungGen      total 38400K, used 0K [0x00000007aab00000, 0x00000007ad600000, 0x00000007c0000000)
  eden space 32768K, 0% used [0x00000007aab00000,0x00000007aab00000,0x00000007acb00000)
  from space 5632K, 0% used [0x00000007ad080000,0x00000007ad080000,0x00000007ad600000)
  to   space 5632K, 0% used [0x00000007acb00000,0x00000007acb00000,0x00000007ad080000)
 ParOldGen       total 55808K, used 27767K [0x0000000780000000, 0x0000000783680000, 0x00000007aab00000)
  object space 55808K, 49% used [0x0000000780000000,0x0000000781b1df60,0x0000000783680000)
 Metaspace       used 20702K, capacity 20918K, committed 21248K, reserved 1067008K
  class space    used 2655K, capacity 2716K, committed 2816K, reserved 1048576K
}

