# JRE version: Java(TM) SE Runtime Environment (8.0_40-b25) (build 1.8.0_40-b25)
# Java VM: Java HotSpot(TM) 64-Bit Server VM (25.40-b25 mixed mode bsd-amd64 compressed oops)
Heap:
 PSYoungGen      total 29696K, used 10151K [0x00000007aab00000, 0x00000007acf80000, 0x00000007c0000000)
  eden space 26112K, 25% used [0x00000007aab00000,0x00000007ab19b058,0x00000007ac480000)
  from space 3584K, 94% used [0x00000007acc00000,0x00000007acf4eea8,0x00000007acf80000)
  to   space 5632K, 0% used [0x00000007ac480000,0x00000007ac480000,0x00000007aca00000)
 ParOldGen       total 55296K, used 27767K [0x0000000780000000, 0x0000000783600000, 0x00000007aab00000)
  object space 55296K, 50% used [0x0000000780000000,0x0000000781b1df18,0x0000000783600000)
 Metaspace       used 25287K, capacity 25641K, committed 25984K, reserved 1073152K
  class space    used 3020K, capacity 3122K, committed 3200K, reserved 1048576K
GC Heap History (10 events):
Event: 5.872 GC heap before
{Heap before GC invocations=5 (full 0):
 PSYoungGen      total 18944K, used 18944K [0x00000007aab00000, 0x00000007ac000000, 0x00000007c0000000)
  eden space 16384K, 100% used [0x00000007aab00000,0x00000007abb00000,0x00000007abb00000)
  from space 2560K, 100% used [0x00000007abd80000,0x00000007ac000000,0x00000007ac000000)
  to   space 2560K, 0% used [0x00000007abb00000,0x00000007abb00000,0x00000007abd80000)
 ParOldGen       total 44032K, used 24606K [0x0000000780000000, 0x0000000782b00000, 0x00000007aab00000)
  object space 44032K, 55% used [0x0000000780000000,0x0000000781807ae8,0x0000000782b00000)
 Metaspace       used 18498K, capacity 18798K, committed 19200K, reserved 1067008K
  class space    used 2372K, capacity 2462K, committed 2560K, reserved 1048576K
Event: 5.882 GC heap after
Heap after GC invocations=5 (full 0):
 PSYoungGen      total 18944K, used 2542K [0x00000007aab00000, 0x00000007ad600000, 0x00000007c0000000)
  eden space 16384K, 0% used [0x00000007aab00000,0x00000007aab00000,0x00000007abb00000)
  from space 2560K, 99% used [0x00000007abb00000,0x00000007abd7b840,0x00000007abd80000)
  to   space 5632K, 0% used [0x00000007ad080000,0x00000007ad080000,0x00000007ad600000)
 ParOldGen       total 44032K, used 25486K [0x0000000780000000, 0x0000000782b00000, 0x00000007aab00000)
  object space 44032K, 57% used [0x0000000780000000,0x00000007818e3890,0x0000000782b00000)
 Metaspace       used 18498K, capacity 18798K, committed 19200K, reserved 1067008K
  class space    used 2372K, capacity 2462K, committed 2560K, reserved 1048576K
}
Event: 12.149 GC heap before
{Heap before GC invocations=6 (full 0):
 PSYoungGen      total 18944K, used 12867K [0x00000007aab00000, 0x00000007ad600000, 0x00000007c0000000)
  eden space 16384K, 63% used [0x00000007aab00000,0x00000007ab5156e0,0x00000007abb00000)
  from space 2560K, 99% used [0x00000007abb00000,0x00000007abd7b840,0x00000007abd80000)
  to   space 5632K, 0% used [0x00000007ad080000,0x00000007ad080000,0x00000007ad600000)
 ParOldGen       total 44032K, used 25486K [0x0000000780000000, 0x0000000782b00000, 0x00000007aab00000)
  object space 44032K, 57% used [0x0000000780000000,0x00000007818e3890,0x0000000782b00000)
 Metaspace       used 20782K, capacity 20978K, committed 21248K, reserved 1067008K
  class space    used 2680K, capacity 2756K, committed 2816K, reserved 1048576K
Event: 12.157 GC heap after
Heap after GC invocations=6 (full 0):
 PSYoungGen      total 20480K, used 3820K [0x00000007aab00000, 0x00000007ad480000, 0x00000007c0000000)
  eden space 16384K, 0% used [0x00000007aab00000,0x00000007aab00000,0x00000007abb00000)
  from space 4096K, 93% used [0x00000007ad080000,0x00000007ad43b3d0,0x00000007ad480000)
  to   space 5632K, 0% used [0x00000007ac980000,0x00000007ac980000,0x00000007acf00000)
 ParOldGen       total 44032K, used 25494K [0x0000000780000000, 0x0000000782b00000, 0x00000007aab00000)
  object space 44032K, 57% used [0x0000000780000000,0x00000007818e5890,0x0000000782b00000)
 Metaspace       used 20782K, capacity 20978K, committed 21248K, reserved 1067008K
  class space    used 2680K, capacity 2756K, committed 2816K, reserved 1048576K
}
Event: 12.157 GC heap before
{Heap before GC invocations=7 (full 1):
 PSYoungGen      total 20480K, used 3820K [0x00000007aab00000, 0x00000007ad480000, 0x00000007c0000000)
  eden space 16384K, 0% used [0x00000007aab00000,0x00000007aab00000,0x00000007abb00000)
  from space 4096K, 93% used [0x00000007ad080000,0x00000007ad43b3d0,0x00000007ad480000)
  to   space 5632K, 0% used [0x00000007ac980000,0x00000007ac980000,0x00000007acf00000)
 ParOldGen       total 44032K, used 25494K [0x0000000780000000, 0x0000000782b00000, 0x00000007aab00000)
  object space 44032K, 57% used [0x0000000780000000,0x00000007818e5890,0x0000000782b00000)
 Metaspace       used 20782K, capacity 20978K, committed 21248K, reserved 1067008K
  class space    used 2680K, capacity 2756K, committed 2816K, reserved 1048576K
Event: 12.212 GC heap after
Heap after GC invocations=7 (full 1):
 PSYoungGen      total 20480K, used 0K [0x00000007aab00000, 0x00000007ad480000, 0x00000007c0000000)
  eden space 16384K, 0% used [0x00000007aab00000,0x00000007aab00000,0x00000007abb00000)
  from space 4096K, 0% used [0x00000007ad080000,0x00000007ad080000,0x00000007ad480000)
  to   space 5632K, 0% used [0x00000007ac980000,0x00000007ac980000,0x00000007acf00000)
 ParOldGen       total 55296K, used 27751K [0x0000000780000000, 0x0000000783600000, 0x00000007aab00000)
  object space 55296K, 50% used [0x0000000780000000,0x0000000781b19f18,0x0000000783600000)
 Metaspace       used 20774K, capacity 20966K, committed 21248K, reserved 1067008K
  class space    used 2677K, capacity 2750K, committed 2816K, reserved 1048576K
}
Event: 33.260 GC heap before
{Heap before GC invocations=8 (full 1):
 PSYoungGen      total 20480K, used 16384K [0x00000007aab00000, 0x00000007ad480000, 0x00000007c0000000)
  eden space 16384K, 100% used [0x00000007aab00000,0x00000007abb00000,0x00000007abb00000)
  from space 4096K, 0% used [0x00000007ad080000,0x00000007ad080000,0x00000007ad480000)
  to   space 5632K, 0% used [0x00000007ac980000,0x00000007ac980000,0x00000007acf00000)
 ParOldGen       total 55296K, used 27751K [0x0000000780000000, 0x0000000783600000, 0x00000007aab00000)
  object space 55296K, 50% used [0x0000000780000000,0x0000000781b19f18,0x0000000783600000)
 Metaspace       used 23118K, capacity 23465K, committed 23680K, reserved 1071104K
  class space    used 2827K, capacity 2930K, committed 2944K, reserved 1048576K
Event: 33.277 GC heap after
Heap after GC invocations=8 (full 1):
 PSYoungGen      total 29184K, used 2478K [0x00000007aab00000, 0x00000007ad100000, 0x00000007c0000000)
  eden space 26624K, 0% used [0x00000007aab00000,0x00000007aab00000,0x00000007ac500000)
  from space 2560K, 96% used [0x00000007ac980000,0x00000007acbebad8,0x00000007acc00000)
  to   space 5120K, 0% used [0x00000007acc00000,0x00000007acc00000,0x00000007ad100000)
 ParOldGen       total 55296K, used 27759K [0x0000000780000000, 0x0000000783600000, 0x00000007aab00000)
  object space 55296K, 50% used [0x0000000780000000,0x0000000781b1bf18,0x0000000783600000)
 Metaspace       used 23118K, capacity 23465K, committed 23680K, reserved 1071104K
  class space    used 2827K, capacity 2930K, committed 2944K, reserved 1048576K
}
Event: 117.566 GC heap before
{Heap before GC invocations=9 (full 1):
 PSYoungGen      total 29184K, used 29102K [0x00000007aab00000, 0x00000007ad100000, 0x00000007c0000000)
  eden space 26624K, 100% used [0x00000007aab00000,0x00000007ac500000,0x00000007ac500000)
  from space 2560K, 96% used [0x00000007ac980000,0x00000007acbebad8,0x00000007acc00000)
  to   space 5120K, 0% used [0x00000007acc00000,0x00000007acc00000,0x00000007ad100000)
 ParOldGen       total 55296K, used 27759K [0x0000000780000000, 0x0000000783600000, 0x00000007aab00000)
  object space 55296K, 50% used [0x0000000780000000,0x0000000781b1bf18,0x0000000783600000)
 Metaspace       used 25273K, capacity 25577K, committed 25984K, reserved 1073152K
  class space    used 3018K, capacity 3122K, committed 3200K, reserved 1048576K
Event: 117.575 GC heap after
Heap after GC invocations=9 (full 1):
 PSYoungGen      total 29696K, used 3387K [0x00000007aab00000, 0x00000007acf80000, 0x00000007c0000000)
  eden space 26112K, 0% used [0x00000007aab00000,0x00000007aab00000,0x00000007ac480000)
  from space 3584K, 94% used [0x00000007acc00000,0x00000007acf4eea8,0x00000007acf80000)
  to   space 5632K, 0% used [0x00000007ac480000,0x00000007ac480000,0x00000007aca00000)
 ParOldGen       total 55296K, used 27767K [0x0000000780000000, 0x0000000783600000, 0x00000007aab00000)
  object space 55296K, 50% used [0x0000000780000000,0x0000000781b1df18,0x0000000783600000)
 Metaspace       used 25273K, capacity 25577K, committed 25984K, reserved 1073152K
  class space    used 3018K, capacity 3122K, committed 3200K, reserved 1048576K
}

