# JRE version: Java(TM) SE Runtime Environment (8.0_40-b25) (build 1.8.0_40-b25)
# Java VM: Java HotSpot(TM) 64-Bit Server VM (25.40-b25 mixed mode bsd-amd64 compressed oops)
Heap:
 PSYoungGen      total 22528K, used 9961K [0x00000007aab00000, 0x00000007ac700000, 0x00000007c0000000)
  eden space 16384K, 49% used [0x00000007aab00000,0x00000007ab2d9100,0x00000007abb00000)
  from space 6144K, 31% used [0x00000007abb00000,0x00000007abce1370,0x00000007ac100000)
  to   space 6144K, 0% used [0x00000007ac100000,0x00000007ac100000,0x00000007ac700000)
 ParOldGen       total 44032K, used 7090K [0x0000000780000000, 0x0000000782b00000, 0x00000007aab00000)
  object space 44032K, 16% used [0x0000000780000000,0x00000007806ec880,0x0000000782b00000)
 Metaspace       used 18049K, capacity 18353K, committed 18560K, reserved 1064960K
  class space    used 2001K, capacity 2083K, committed 2176K, reserved 1048576K
GC Heap History (10 events):
Event: 2.562 GC heap before
{Heap before GC invocations=3 (full 0):
 PSYoungGen      total 18944K, used 18928K [0x00000007aab00000, 0x00000007ac000000, 0x00000007c0000000)
  eden space 16384K, 100% used [0x00000007aab00000,0x00000007abb00000,0x00000007abb00000)
  from space 2560K, 99% used [0x00000007abd80000,0x00000007abffc0d0,0x00000007ac000000)
  to   space 2560K, 0% used [0x00000007abb00000,0x00000007abb00000,0x00000007abd80000)
 ParOldGen       total 44032K, used 499K [0x0000000780000000, 0x0000000782b00000, 0x00000007aab00000)
  object space 44032K, 1% used [0x0000000780000000,0x000000078007cfa8,0x0000000782b00000)
 Metaspace       used 9959K, capacity 10056K, committed 10240K, reserved 1058816K
  class space    used 1201K, capacity 1238K, committed 1280K, reserved 1048576K
Event: 2.570 GC heap after
Heap after GC invocations=3 (full 0):
 PSYoungGen      total 18944K, used 2544K [0x00000007aab00000, 0x00000007ac000000, 0x00000007c0000000)
  eden space 16384K, 0% used [0x00000007aab00000,0x00000007aab00000,0x00000007abb00000)
  from space 2560K, 99% used [0x00000007abb00000,0x00000007abd7c010,0x00000007abd80000)
  to   space 2560K, 0% used [0x00000007abd80000,0x00000007abd80000,0x00000007ac000000)
 ParOldGen       total 44032K, used 1407K [0x0000000780000000, 0x0000000782b00000, 0x00000007aab00000)
  object space 44032K, 3% used [0x0000000780000000,0x000000078015ff50,0x0000000782b00000)
 Metaspace       used 9959K, capacity 10056K, committed 10240K, reserved 1058816K
  class space    used 1201K, capacity 1238K, committed 1280K, reserved 1048576K
}
Event: 4.282 GC heap before
{Heap before GC invocations=4 (full 0):
 PSYoungGen      total 18944K, used 18928K [0x00000007aab00000, 0x00000007ac000000, 0x00000007c0000000)
  eden space 16384K, 100% used [0x00000007aab00000,0x00000007abb00000,0x00000007abb00000)
  from space 2560K, 99% used [0x00000007abb00000,0x00000007abd7c010,0x00000007abd80000)
  to   space 2560K, 0% used [0x00000007abd80000,0x00000007abd80000,0x00000007ac000000)
 ParOldGen       total 44032K, used 1407K [0x0000000780000000, 0x0000000782b00000, 0x00000007aab00000)
  object space 44032K, 3% used [0x0000000780000000,0x000000078015ff50,0x0000000782b00000)
 Metaspace       used 14044K, capacity 14205K, committed 14464K, reserved 1062912K
  class space    used 1573K, capacity 1629K, committed 1664K, reserved 1048576K
Event: 4.291 GC heap after
Heap after GC invocations=4 (full 0):
 PSYoungGen      total 18944K, used 2544K [0x00000007aab00000, 0x00000007ac000000, 0x00000007c0000000)
  eden space 16384K, 0% used [0x00000007aab00000,0x00000007aab00000,0x00000007abb00000)
  from space 2560K, 99% used [0x00000007abd80000,0x00000007abffc010,0x00000007ac000000)
  to   space 2560K, 0% used [0x00000007abb00000,0x00000007abb00000,0x00000007abd80000)
 ParOldGen       total 44032K, used 3879K [0x0000000780000000, 0x0000000782b00000, 0x00000007aab00000)
  object space 44032K, 8% used [0x0000000780000000,0x00000007803c9e20,0x0000000782b00000)
 Metaspace       used 14044K, capacity 14205K, committed 14464K, reserved 1062912K
  class space    used 1573K, capacity 1629K, committed 1664K, reserved 1048576K
}
Event: 17.210 GC heap before
{Heap before GC invocations=5 (full 0):
 PSYoungGen      total 18944K, used 18928K [0x00000007aab00000, 0x00000007ac000000, 0x00000007c0000000)
  eden space 16384K, 100% used [0x00000007aab00000,0x00000007abb00000,0x00000007abb00000)
  from space 2560K, 99% used [0x00000007abd80000,0x00000007abffc010,0x00000007ac000000)
  to   space 2560K, 0% used [0x00000007abb00000,0x00000007abb00000,0x00000007abd80000)
 ParOldGen       total 44032K, used 3879K [0x0000000780000000, 0x0000000782b00000, 0x00000007aab00000)
  object space 44032K, 8% used [0x0000000780000000,0x00000007803c9e20,0x0000000782b00000)
 Metaspace       used 17009K, capacity 17217K, committed 17408K, reserved 1064960K
  class space    used 1922K, capacity 1987K, committed 2048K, reserved 1048576K
Event: 17.220 GC heap after
Heap after GC invocations=5 (full 0):
 PSYoungGen      total 18944K, used 2532K [0x00000007aab00000, 0x00000007ac700000, 0x00000007c0000000)
  eden space 16384K, 0% used [0x00000007aab00000,0x00000007aab00000,0x00000007abb00000)
  from space 2560K, 98% used [0x00000007abb00000,0x00000007abd79370,0x00000007abd80000)
  to   space 6144K, 0% used [0x00000007ac100000,0x00000007ac100000,0x00000007ac700000)
 ParOldGen       total 44032K, used 6319K [0x0000000780000000, 0x0000000782b00000, 0x00000007aab00000)
  object space 44032K, 14% used [0x0000000780000000,0x000000078062bf88,0x0000000782b00000)
 Metaspace       used 17009K, capacity 17217K, committed 17408K, reserved 1064960K
  class space    used 1922K, capacity 1987K, committed 2048K, reserved 1048576K
}
Event: 135.443 GC heap before
{Heap before GC invocations=6 (full 0):
 PSYoungGen      total 18944K, used 18916K [0x00000007aab00000, 0x00000007ac700000, 0x00000007c0000000)
  eden space 16384K, 100% used [0x00000007aab00000,0x00000007abb00000,0x00000007abb00000)
  from space 2560K, 98% used [0x00000007abb00000,0x00000007abd79370,0x00000007abd80000)
  to   space 6144K, 0% used [0x00000007ac100000,0x00000007ac100000,0x00000007ac700000)
 ParOldGen       total 44032K, used 6319K [0x0000000780000000, 0x0000000782b00000, 0x00000007aab00000)
  object space 44032K, 14% used [0x0000000780000000,0x000000078062bf88,0x0000000782b00000)
 Metaspace       used 17704K, capacity 17979K, committed 18304K, reserved 1064960K
  class space    used 1986K, capacity 2074K, committed 2176K, reserved 1048576K
Event: 135.462 GC heap after
Heap after GC invocations=6 (full 0):
 PSYoungGen      total 22528K, used 2756K [0x00000007aab00000, 0x00000007ac700000, 0x00000007c0000000)
  eden space 16384K, 0% used [0x00000007aab00000,0x00000007aab00000,0x00000007abb00000)
  from space 6144K, 44% used [0x00000007ac100000,0x00000007ac3b1390,0x00000007ac700000)
  to   space 6144K, 0% used [0x00000007abb00000,0x00000007abb00000,0x00000007ac100000)
 ParOldGen       total 44032K, used 6327K [0x0000000780000000, 0x0000000782b00000, 0x00000007aab00000)
  object space 44032K, 14% used [0x0000000780000000,0x000000078062df88,0x0000000782b00000)
 Metaspace       used 17704K, capacity 17979K, committed 18304K, reserved 1064960K
  class space    used 1986K, capacity 2074K, committed 2176K, reserved 1048576K
}
Event: 298.834 GC heap before
{Heap before GC invocations=7 (full 0):
 PSYoungGen      total 22528K, used 19140K [0x00000007aab00000, 0x00000007ac700000, 0x00000007c0000000)
  eden space 16384K, 100% used [0x00000007aab00000,0x00000007abb00000,0x00000007abb00000)
  from space 6144K, 44% used [0x00000007ac100000,0x00000007ac3b1390,0x00000007ac700000)
  to   space 6144K, 0% used [0x00000007abb00000,0x00000007abb00000,0x00000007ac100000)
 ParOldGen       total 44032K, used 6327K [0x0000000780000000, 0x0000000782b00000, 0x00000007aab00000)
  object space 44032K, 14% used [0x0000000780000000,0x000000078062df88,0x0000000782b00000)
 Metaspace       used 17876K, capacity 18113K, committed 18304K, reserved 1064960K
  class space    used 1987K, capacity 2075K, committed 2176K, reserved 1048576K
Event: 298.847 GC heap after
Heap after GC invocations=7 (full 0):
 PSYoungGen      total 22528K, used 1924K [0x00000007aab00000, 0x00000007ac700000, 0x00000007c0000000)
  eden space 16384K, 0% used [0x00000007aab00000,0x00000007aab00000,0x00000007abb00000)
  from space 6144K, 31% used [0x00000007abb00000,0x00000007abce1370,0x00000007ac100000)
  to   space 6144K, 0% used [0x00000007ac100000,0x00000007ac100000,0x00000007ac700000)
 ParOldGen       total 44032K, used 7090K [0x0000000780000000, 0x0000000782b00000, 0x00000007aab00000)
  object space 44032K, 16% used [0x0000000780000000,0x00000007806ec880,0x0000000782b00000)
 Metaspace       used 17876K, capacity 18113K, committed 18304K, reserved 1064960K
  class space    used 1987K, capacity 2075K, committed 2176K, reserved 1048576K
}

