# JRE version: Java(TM) SE Runtime Environment (8.0_40-b25) (build 1.8.0_40-b25)
# Java VM: Java HotSpot(TM) 64-Bit Server VM (25.40-b25 mixed mode bsd-amd64 compressed oops)
Heap:
 PSYoungGen      total 21504K, used 17153K [0x00000007aab00000, 0x00000007ac900000, 0x00000007c0000000)
  eden space 15360K, 72% used [0x00000007aab00000,0x00000007ab5d5c28,0x00000007aba00000)
  from space 6144K, 98% used [0x00000007ac100000,0x00000007ac6eab30,0x00000007ac700000)
  to   space 7168K, 0% used [0x00000007aba00000,0x00000007aba00000,0x00000007ac100000)
 ParOldGen       total 44032K, used 6261K [0x0000000780000000, 0x0000000782b00000, 0x00000007aab00000)
  object space 44032K, 14% used [0x0000000780000000,0x000000078061d500,0x0000000782b00000)
 Metaspace       used 18405K, capacity 18653K, committed 18816K, reserved 1067008K
  class space    used 2059K, capacity 2131K, committed 2176K, reserved 1048576K
GC Heap History (10 events):
Event: 2.721 GC heap before
{Heap before GC invocations=2 (full 0):
 PSYoungGen      total 18944K, used 18849K [0x00000007aab00000, 0x00000007ac000000, 0x00000007c0000000)
  eden space 16384K, 100% used [0x00000007aab00000,0x00000007abb00000,0x00000007abb00000)
  from space 2560K, 96% used [0x00000007abb00000,0x00000007abd68750,0x00000007abd80000)
  to   space 2560K, 0% used [0x00000007abd80000,0x00000007abd80000,0x00000007ac000000)
 ParOldGen       total 44032K, used 8K [0x0000000780000000, 0x0000000782b00000, 0x00000007aab00000)
  object space 44032K, 0% used [0x0000000780000000,0x0000000780002000,0x0000000782b00000)
 Metaspace       used 7836K, capacity 7968K, committed 8192K, reserved 1056768K
  class space    used 927K, capacity 948K, committed 1024K, reserved 1048576K
Event: 2.730 GC heap after
Heap after GC invocations=2 (full 0):
 PSYoungGen      total 18944K, used 2541K [0x00000007aab00000, 0x00000007ac000000, 0x00000007c0000000)
  eden space 16384K, 0% used [0x00000007aab00000,0x00000007aab00000,0x00000007abb00000)
  from space 2560K, 99% used [0x00000007abd80000,0x00000007abffb6c0,0x00000007ac000000)
  to   space 2560K, 0% used [0x00000007abb00000,0x00000007abb00000,0x00000007abd80000)
 ParOldGen       total 44032K, used 468K [0x0000000780000000, 0x0000000782b00000, 0x00000007aab00000)
  object space 44032K, 1% used [0x0000000780000000,0x0000000780075378,0x0000000782b00000)
 Metaspace       used 7836K, capacity 7968K, committed 8192K, reserved 1056768K
  class space    used 927K, capacity 948K, committed 1024K, reserved 1048576K
}
Event: 3.833 GC heap before
{Heap before GC invocations=3 (full 0):
 PSYoungGen      total 18944K, used 18925K [0x00000007aab00000, 0x00000007ac000000, 0x00000007c0000000)
  eden space 16384K, 100% used [0x00000007aab00000,0x00000007abb00000,0x00000007abb00000)
  from space 2560K, 99% used [0x00000007abd80000,0x00000007abffb6c0,0x00000007ac000000)
  to   space 2560K, 0% used [0x00000007abb00000,0x00000007abb00000,0x00000007abd80000)
 ParOldGen       total 44032K, used 468K [0x0000000780000000, 0x0000000782b00000, 0x00000007aab00000)
  object space 44032K, 1% used [0x0000000780000000,0x0000000780075378,0x0000000782b00000)
 Metaspace       used 9975K, capacity 10060K, committed 10240K, reserved 1058816K
  class space    used 1200K, capacity 1238K, committed 1280K, reserved 1048576K
Event: 3.841 GC heap after
Heap after GC invocations=3 (full 0):
 PSYoungGen      total 18944K, used 2544K [0x00000007aab00000, 0x00000007ac000000, 0x00000007c0000000)
  eden space 16384K, 0% used [0x00000007aab00000,0x00000007aab00000,0x00000007abb00000)
  from space 2560K, 99% used [0x00000007abb00000,0x00000007abd7c010,0x00000007abd80000)
  to   space 2560K, 0% used [0x00000007abd80000,0x00000007abd80000,0x00000007ac000000)
 ParOldGen       total 44032K, used 1383K [0x0000000780000000, 0x0000000782b00000, 0x00000007aab00000)
  object space 44032K, 3% used [0x0000000780000000,0x0000000780159ff8,0x0000000782b00000)
 Metaspace       used 9975K, capacity 10060K, committed 10240K, reserved 1058816K
  class space    used 1200K, capacity 1238K, committed 1280K, reserved 1048576K
}
Event: 5.800 GC heap before
{Heap before GC invocations=4 (full 0):
 PSYoungGen      total 18944K, used 18928K [0x00000007aab00000, 0x00000007ac000000, 0x00000007c0000000)
  eden space 16384K, 100% used [0x00000007aab00000,0x00000007abb00000,0x00000007abb00000)
  from space 2560K, 99% used [0x00000007abb00000,0x00000007abd7c010,0x00000007abd80000)
  to   space 2560K, 0% used [0x00000007abd80000,0x00000007abd80000,0x00000007ac000000)
 ParOldGen       total 44032K, used 1383K [0x0000000780000000, 0x0000000782b00000, 0x00000007aab00000)
  object space 44032K, 3% used [0x0000000780000000,0x0000000780159ff8,0x0000000782b00000)
 Metaspace       used 14051K, capacity 14209K, committed 14464K, reserved 1062912K
  class space    used 1572K, capacity 1629K, committed 1664K, reserved 1048576K
Event: 5.819 GC heap after
Heap after GC invocations=4 (full 0):
 PSYoungGen      total 18944K, used 2544K [0x00000007aab00000, 0x00000007ac000000, 0x00000007c0000000)
  eden space 16384K, 0% used [0x00000007aab00000,0x00000007aab00000,0x00000007abb00000)
  from space 2560K, 99% used [0x00000007abd80000,0x00000007abffc010,0x00000007ac000000)
  to   space 2560K, 0% used [0x00000007abb00000,0x00000007abb00000,0x00000007abd80000)
 ParOldGen       total 44032K, used 3816K [0x0000000780000000, 0x0000000782b00000, 0x00000007aab00000)
  object space 44032K, 8% used [0x0000000780000000,0x00000007803ba280,0x0000000782b00000)
 Metaspace       used 14051K, capacity 14209K, committed 14464K, reserved 1062912K
  class space    used 1572K, capacity 1629K, committed 1664K, reserved 1048576K
}
Event: 21.259 GC heap before
{Heap before GC invocations=5 (full 0):
 PSYoungGen      total 18944K, used 18558K [0x00000007aab00000, 0x00000007ac000000, 0x00000007c0000000)
  eden space 16384K, 97% used [0x00000007aab00000,0x00000007abaa3910,0x00000007abb00000)
  from space 2560K, 99% used [0x00000007abd80000,0x00000007abffc010,0x00000007ac000000)
  to   space 2560K, 0% used [0x00000007abb00000,0x00000007abb00000,0x00000007abd80000)
 ParOldGen       total 44032K, used 3816K [0x0000000780000000, 0x0000000782b00000, 0x00000007aab00000)
  object space 44032K, 8% used [0x0000000780000000,0x00000007803ba280,0x0000000782b00000)
 Metaspace       used 17000K, capacity 17157K, committed 17408K, reserved 1064960K
  class space    used 1913K, capacity 1987K, committed 2048K, reserved 1048576K
Event: 21.282 GC heap after
Heap after GC invocations=5 (full 0):
 PSYoungGen      total 18944K, used 2548K [0x00000007aab00000, 0x00000007ac700000, 0x00000007c0000000)
  eden space 16384K, 0% used [0x00000007aab00000,0x00000007aab00000,0x00000007abb00000)
  from space 2560K, 99% used [0x00000007abb00000,0x00000007abd7d360,0x00000007abd80000)
  to   space 6144K, 0% used [0x00000007ac100000,0x00000007ac100000,0x00000007ac700000)
 ParOldGen       total 44032K, used 6253K [0x0000000780000000, 0x0000000782b00000, 0x00000007aab00000)
  object space 44032K, 14% used [0x0000000780000000,0x000000078061b500,0x0000000782b00000)
 Metaspace       used 17000K, capacity 17157K, committed 17408K, reserved 1064960K
  class space    used 1913K, capacity 1987K, committed 2048K, reserved 1048576K
}
Event: 108.673 GC heap before
{Heap before GC invocations=6 (full 0):
 PSYoungGen      total 18944K, used 18932K [0x00000007aab00000, 0x00000007ac700000, 0x00000007c0000000)
  eden space 16384K, 100% used [0x00000007aab00000,0x00000007abb00000,0x00000007abb00000)
  from space 2560K, 99% used [0x00000007abb00000,0x00000007abd7d360,0x00000007abd80000)
  to   space 6144K, 0% used [0x00000007ac100000,0x00000007ac100000,0x00000007ac700000)
 ParOldGen       total 44032K, used 6253K [0x0000000780000000, 0x0000000782b00000, 0x00000007aab00000)
  object space 44032K, 14% used [0x0000000780000000,0x000000078061b500,0x0000000782b00000)
 Metaspace       used 18215K, capacity 18477K, committed 18560K, reserved 1064960K
  class space    used 2048K, capacity 2123K, committed 2176K, reserved 1048576K
Event: 108.693 GC heap after
Heap after GC invocations=6 (full 0):
 PSYoungGen      total 21504K, used 6058K [0x00000007aab00000, 0x00000007ac900000, 0x00000007c0000000)
  eden space 15360K, 0% used [0x00000007aab00000,0x00000007aab00000,0x00000007aba00000)
  from space 6144K, 98% used [0x00000007ac100000,0x00000007ac6eab30,0x00000007ac700000)
  to   space 7168K, 0% used [0x00000007aba00000,0x00000007aba00000,0x00000007ac100000)
 ParOldGen       total 44032K, used 6261K [0x0000000780000000, 0x0000000782b00000, 0x00000007aab00000)
  object space 44032K, 14% used [0x0000000780000000,0x000000078061d500,0x0000000782b00000)
 Metaspace       used 18215K, capacity 18477K, committed 18560K, reserved 1064960K
  class space    used 2048K, capacity 2123K, committed 2176K, reserved 1048576K
}

