# JRE version: Java(TM) SE Runtime Environment (8.0_40-b25) (build 1.8.0_40-b25)
# Java VM: Java HotSpot(TM) 64-Bit Server VM (25.40-b25 mixed mode bsd-amd64 compressed oops)
Heap:
 PSYoungGen      total 34304K, used 28357K [0x00000007aab00000, 0x00000007ad700000, 0x00000007c0000000)
  eden space 31744K, 89% used [0x00000007aab00000,0x00000007ac6b1550,0x00000007aca00000)
  from space 2560K, 0% used [0x00000007acb00000,0x00000007acb00000,0x00000007acd80000)
  to   space 6656K, 0% used [0x00000007ad080000,0x00000007ad080000,0x00000007ad700000)
 ParOldGen       total 56320K, used 27820K [0x0000000780000000, 0x0000000783700000, 0x00000007aab00000)
  object space 56320K, 49% used [0x0000000780000000,0x0000000781b2b300,0x0000000783700000)
 Metaspace       used 25434K, capacity 25719K, committed 25984K, reserved 1073152K
  class space    used 3028K, capacity 3125K, committed 3200K, reserved 1048576K
GC Heap History (10 events):
Event: 1.676 GC heap before
{Heap before GC invocations=2 (full 0):
 PSYoungGen      total 18944K, used 18820K [0x00000007aab00000, 0x00000007ac000000, 0x00000007c0000000)
  eden space 16384K, 100% used [0x00000007aab00000,0x00000007abb00000,0x00000007abb00000)
  from space 2560K, 95% used [0x00000007abb00000,0x00000007abd61248,0x00000007abd80000)
  to   space 2560K, 0% used [0x00000007abd80000,0x00000007abd80000,0x00000007ac000000)
 ParOldGen       total 44032K, used 8K [0x0000000780000000, 0x0000000782b00000, 0x00000007aab00000)
  object space 44032K, 0% used [0x0000000780000000,0x0000000780002000,0x0000000782b00000)
 Metaspace       used 7999K, capacity 8056K, committed 8192K, reserved 1056768K
  class space    used 967K, capacity 980K, committed 1024K, reserved 1048576K
Event: 1.693 GC heap after
Heap after GC invocations=2 (full 0):
 PSYoungGen      total 18944K, used 2536K [0x00000007aab00000, 0x00000007ad000000, 0x00000007c0000000)
  eden space 16384K, 0% used [0x00000007aab00000,0x00000007aab00000,0x00000007abb00000)
  from space 2560K, 99% used [0x00000007abd80000,0x00000007abffa2a8,0x00000007ac000000)
  to   space 2560K, 0% used [0x00000007abb00000,0x00000007abb00000,0x00000007abd80000)
 ParOldGen       total 44032K, used 229K [0x0000000780000000, 0x0000000782b00000, 0x00000007aab00000)
  object space 44032K, 0% used [0x0000000780000000,0x0000000780039748,0x0000000782b00000)
 Metaspace       used 7999K, capacity 8056K, committed 8192K, reserved 1056768K
  class space    used 967K, capacity 980K, committed 1024K, reserved 1048576K
}
Event: 2.547 GC heap before
{Heap before GC invocations=3 (full 0):
 PSYoungGen      total 18944K, used 18920K [0x00000007aab00000, 0x00000007ad000000, 0x00000007c0000000)
  eden space 16384K, 100% used [0x00000007aab00000,0x00000007abb00000,0x00000007abb00000)
  from space 2560K, 99% used [0x00000007abd80000,0x00000007abffa2a8,0x00000007ac000000)
  to   space 2560K, 0% used [0x00000007abb00000,0x00000007abb00000,0x00000007abd80000)
 ParOldGen       total 44032K, used 229K [0x0000000780000000, 0x0000000782b00000, 0x00000007aab00000)
  object space 44032K, 0% used [0x0000000780000000,0x0000000780039748,0x0000000782b00000)
 Metaspace       used 10211K, capacity 10372K, committed 10624K, reserved 1058816K
  class space    used 1247K, capacity 1302K, committed 1408K, reserved 1048576K
Event: 2.559 GC heap after
Heap after GC invocations=3 (full 0):
 PSYoungGen      total 18944K, used 2528K [0x00000007aab00000, 0x00000007ad000000, 0x00000007c0000000)
  eden space 16384K, 0% used [0x00000007aab00000,0x00000007aab00000,0x00000007abb00000)
  from space 2560K, 98% used [0x00000007abb00000,0x00000007abd78020,0x00000007abd80000)
  to   space 2560K, 0% used [0x00000007acd80000,0x00000007acd80000,0x00000007ad000000)
 ParOldGen       total 44032K, used 1122K [0x0000000780000000, 0x0000000782b00000, 0x00000007aab00000)
  object space 44032K, 2% used [0x0000000780000000,0x0000000780118888,0x0000000782b00000)
 Metaspace       used 10211K, capacity 10372K, committed 10624K, reserved 1058816K
  class space    used 1247K, capacity 1302K, committed 1408K, reserved 1048576K
}
Event: 5.727 GC heap before
{Heap before GC invocations=4 (full 0):
 PSYoungGen      total 18944K, used 18912K [0x00000007aab00000, 0x00000007ad000000, 0x00000007c0000000)
  eden space 16384K, 100% used [0x00000007aab00000,0x00000007abb00000,0x00000007abb00000)
  from space 2560K, 98% used [0x00000007abb00000,0x00000007abd78020,0x00000007abd80000)
  to   space 2560K, 0% used [0x00000007acd80000,0x00000007acd80000,0x00000007ad000000)
 ParOldGen       total 44032K, used 21099K [0x0000000780000000, 0x0000000782b00000, 0x00000007aab00000)
  object space 44032K, 47% used [0x0000000780000000,0x000000078149ad30,0x0000000782b00000)
 Metaspace       used 17172K, capacity 17412K, committed 17664K, reserved 1064960K
  class space    used 2156K, capacity 2259K, committed 2304K, reserved 1048576K
Event: 5.746 GC heap after
Heap after GC invocations=4 (full 0):
 PSYoungGen      total 35328K, used 2538K [0x00000007aab00000, 0x00000007ad000000, 0x00000007c0000000)
  eden space 32768K, 0% used [0x00000007aab00000,0x00000007aab00000,0x00000007acb00000)
  from space 2560K, 99% used [0x00000007acd80000,0x00000007acffa870,0x00000007ad000000)
  to   space 2560K, 0% used [0x00000007acb00000,0x00000007acb00000,0x00000007acd80000)
 ParOldGen       total 44032K, used 24510K [0x0000000780000000, 0x0000000782b00000, 0x00000007aab00000)
  object space 44032K, 55% used [0x0000000780000000,0x00000007817ef820,0x0000000782b00000)
 Metaspace       used 17172K, capacity 17412K, committed 17664K, reserved 1064960K
  class space    used 2156K, capacity 2259K, committed 2304K, reserved 1048576K
}
Event: 13.275 GC heap before
{Heap before GC invocations=5 (full 0):
 PSYoungGen      total 35328K, used 29257K [0x00000007aab00000, 0x00000007ad000000, 0x00000007c0000000)
  eden space 32768K, 81% used [0x00000007aab00000,0x00000007ac517c38,0x00000007acb00000)
  from space 2560K, 99% used [0x00000007acd80000,0x00000007acffa870,0x00000007ad000000)
  to   space 2560K, 0% used [0x00000007acb00000,0x00000007acb00000,0x00000007acd80000)
 ParOldGen       total 44032K, used 24510K [0x0000000780000000, 0x0000000782b00000, 0x00000007aab00000)
  object space 44032K, 55% used [0x0000000780000000,0x00000007817ef820,0x0000000782b00000)
 Metaspace       used 20756K, capacity 20938K, committed 21248K, reserved 1067008K
  class space    used 2660K, capacity 2722K, committed 2816K, reserved 1048576K
Event: 13.286 GC heap after
Heap after GC invocations=5 (full 0):
 PSYoungGen      total 34304K, used 2544K [0x00000007aab00000, 0x00000007ad700000, 0x00000007c0000000)
  eden space 31744K, 0% used [0x00000007aab00000,0x00000007aab00000,0x00000007aca00000)
  from space 2560K, 99% used [0x00000007acb00000,0x00000007acd7c2b8,0x00000007acd80000)
  to   space 6656K, 0% used [0x00000007ad080000,0x00000007ad080000,0x00000007ad700000)
 ParOldGen       total 44032K, used 26691K [0x0000000780000000, 0x0000000782b00000, 0x00000007aab00000)
  object space 44032K, 60% used [0x0000000780000000,0x0000000781a10fc0,0x0000000782b00000)
 Metaspace       used 20756K, capacity 20938K, committed 21248K, reserved 1067008K
  class space    used 2660K, capacity 2722K, committed 2816K, reserved 1048576K
}
Event: 13.286 GC heap before
{Heap before GC invocations=6 (full 1):
 PSYoungGen      total 34304K, used 2544K [0x00000007aab00000, 0x00000007ad700000, 0x00000007c0000000)
  eden space 31744K, 0% used [0x00000007aab00000,0x00000007aab00000,0x00000007aca00000)
  from space 2560K, 99% used [0x00000007acb00000,0x00000007acd7c2b8,0x00000007acd80000)
  to   space 6656K, 0% used [0x00000007ad080000,0x00000007ad080000,0x00000007ad700000)
 ParOldGen       total 44032K, used 26691K [0x0000000780000000, 0x0000000782b00000, 0x00000007aab00000)
  object space 44032K, 60% used [0x0000000780000000,0x0000000781a10fc0,0x0000000782b00000)
 Metaspace       used 20756K, capacity 20938K, committed 21248K, reserved 1067008K
  class space    used 2660K, capacity 2722K, committed 2816K, reserved 1048576K
Event: 13.354 GC heap after
Heap after GC invocations=6 (full 1):
 PSYoungGen      total 34304K, used 0K [0x00000007aab00000, 0x00000007ad700000, 0x00000007c0000000)
  eden space 31744K, 0% used [0x00000007aab00000,0x00000007aab00000,0x00000007aca00000)
  from space 2560K, 0% used [0x00000007acb00000,0x00000007acb00000,0x00000007acd80000)
  to   space 6656K, 0% used [0x00000007ad080000,0x00000007ad080000,0x00000007ad700000)
 ParOldGen       total 56320K, used 27820K [0x0000000780000000, 0x0000000783700000, 0x00000007aab00000)
  object space 56320K, 49% used [0x0000000780000000,0x0000000781b2b300,0x0000000783700000)
 Metaspace       used 20751K, capacity 20930K, committed 21248K, reserved 1067008K
  class space    used 2658K, capacity 2718K, committed 2816K, reserved 1048576K
}

